# JRE version: Java(TM) SE Runtime Environment (21.0.1+12) (build 21.0.1+12-LTS-29)
# Java VM: Java HotSpot(TM) 64-Bit Server VM (21.0.1+12-LTS-29, mixed mode, emulated-client, sharing, tiered, compressed oops, compressed class ptrs, g1 gc, windows-amd64)
GC Precious Log:
 CardTable entry size: 512
 Card Set container configuration: InlinePtr #cards 5 size 8 Array Of Cards #cards 12 size 40 Howl #buckets 4 coarsen threshold 1843 Howl Bitmap #cards 512 size 80 coarsen threshold 460 Card regions per heap region 1 cards per card region 2048
 CPUs: 4 total, 4 available
 Memory: 3782M
 Large Page Support: Disabled
 NUMA Support: Disabled
 Compressed Oops: Enabled (32-bit)
 Heap Region Size: 1M
 Heap Min Capacity: 8M
 Heap Initial Capacity: 60M
 Heap Max Capacity: 946M
 Pre-touch: Disabled
 Parallel Workers: 4
 Concurrent Workers: 1
 Concurrent Refinement Workers: 4
 Periodic GC: Disabled
Heap:
 garbage-first heap   total 239616K, used 56050K [0x00000000c4e00000, 0x0000000100000000)
  region size 1024K, 1 young (1024K), 1 survivors (1024K)
 Metaspace       used 80883K, committed 82624K, reserved 1179648K
  class space    used 11728K, committed 12544K, reserved 1048576K
GC Heap History (20 events):
Event: 1695.110 GC heap after
{Heap after GC invocations=128 (full 0):
 garbage-first heap   total 239616K, used 70144K [0x00000000c4e00000, 0x0000000100000000)
  region size 1024K, 5 young (5120K), 5 survivors (5120K)
 Metaspace       used 80869K, committed 82560K, reserved 1179648K
  class space    used 11730K, committed 12544K, reserved 1048576K
}
Event: 1701.848 GC heap before
{Heap before GC invocations=129 (full 0):
 garbage-first heap   total 239616K, used 208384K [0x00000000c4e00000, 0x0000000100000000)
  region size 1024K, 140 young (143360K), 5 survivors (5120K)
 Metaspace       used 80869K, committed 82560K, reserved 1179648K
  class space    used 11730K, committed 12544K, reserved 1048576K
}
Event: 1701.853 GC heap after
{Heap after GC invocations=130 (full 0):
 garbage-first heap   total 239616K, used 68170K [0x00000000c4e00000, 0x0000000100000000)
  region size 1024K, 3 young (3072K), 3 survivors (3072K)
 Metaspace       used 80869K, committed 82560K, reserved 1179648K
  class space    used 11730K, committed 12544K, reserved 1048576K
}
Event: 1702.508 GC heap before
{Heap before GC invocations=130 (full 0):
 garbage-first heap   total 239616K, used 82506K [0x00000000c4e00000, 0x0000000100000000)
  region size 1024K, 17 young (17408K), 3 survivors (3072K)
 Metaspace       used 80869K, committed 82560K, reserved 1179648K
  class space    used 11730K, committed 12544K, reserved 1048576K
}
Event: 1702.521 GC heap after
{Heap after GC invocations=131 (full 0):
 garbage-first heap   total 239616K, used 67407K [0x00000000c4e00000, 0x0000000100000000)
  region size 1024K, 1 young (1024K), 1 survivors (1024K)
 Metaspace       used 80869K, committed 82560K, reserved 1179648K
  class space    used 11730K, committed 12544K, reserved 1048576K
}
Event: 1706.839 GC heap before
{Heap before GC invocations=131 (full 0):
 garbage-first heap   total 239616K, used 103247K [0x00000000c4e00000, 0x0000000100000000)
  region size 1024K, 36 young (36864K), 1 survivors (1024K)
 Metaspace       used 80869K, committed 82560K, reserved 1179648K
  class space    used 11730K, committed 12544K, reserved 1048576K
}
Event: 1706.848 GC heap after
{Heap after GC invocations=132 (full 0):
 garbage-first heap   total 239616K, used 66541K [0x00000000c4e00000, 0x0000000100000000)
  region size 1024K, 1 young (1024K), 1 survivors (1024K)
 Metaspace       used 80869K, committed 82560K, reserved 1179648K
  class space    used 11730K, committed 12544K, reserved 1048576K
}
Event: 1719.621 GC heap before
{Heap before GC invocations=132 (full 0):
 garbage-first heap   total 239616K, used 207853K [0x00000000c4e00000, 0x0000000100000000)
  region size 1024K, 140 young (143360K), 1 survivors (1024K)
 Metaspace       used 80869K, committed 82560K, reserved 1179648K
  class space    used 11730K, committed 12544K, reserved 1048576K
}
Event: 1719.631 GC heap after
{Heap after GC invocations=133 (full 0):
 garbage-first heap   total 239616K, used 66283K [0x00000000c4e00000, 0x0000000100000000)
  region size 1024K, 1 young (1024K), 1 survivors (1024K)
 Metaspace       used 80869K, committed 82560K, reserved 1179648K
  class space    used 11730K, committed 12544K, reserved 1048576K
}
Event: 1767.523 GC heap before
{Heap before GC invocations=133 (full 0):
 garbage-first heap   total 239616K, used 208619K [0x00000000c4e00000, 0x0000000100000000)
  region size 1024K, 140 young (143360K), 1 survivors (1024K)
 Metaspace       used 80869K, committed 82560K, reserved 1179648K
  class space    used 11730K, committed 12544K, reserved 1048576K
}
Event: 1767.661 GC heap after
{Heap after GC invocations=134 (full 0):
 garbage-first heap   total 239616K, used 66449K [0x00000000c4e00000, 0x0000000100000000)
  region size 1024K, 1 young (1024K), 1 survivors (1024K)
 Metaspace       used 80869K, committed 82560K, reserved 1179648K
  class space    used 11730K, committed 12544K, reserved 1048576K
}
Event: 1795.207 GC heap before
{Heap before GC invocations=135 (full 0):
 garbage-first heap   total 239616K, used 201617K [0x00000000c4e00000, 0x0000000100000000)
  region size 1024K, 140 young (143360K), 1 survivors (1024K)
 Metaspace       used 80896K, committed 82624K, reserved 1179648K
  class space    used 11732K, committed 12544K, reserved 1048576K
}
Event: 1795.241 GC heap after
{Heap after GC invocations=136 (full 0):
 garbage-first heap   total 239616K, used 59633K [0x00000000c4e00000, 0x0000000100000000)
  region size 1024K, 1 young (1024K), 1 survivors (1024K)
 Metaspace       used 80896K, committed 82624K, reserved 1179648K
  class space    used 11732K, committed 12544K, reserved 1048576K
}
Event: 1797.101 GC heap before
{Heap before GC invocations=136 (full 0):
 garbage-first heap   total 239616K, used 201969K [0x00000000c4e00000, 0x0000000100000000)
  region size 1024K, 140 young (143360K), 1 survivors (1024K)
 Metaspace       used 80896K, committed 82624K, reserved 1179648K
  class space    used 11732K, committed 12544K, reserved 1048576K
}
Event: 1797.122 GC heap after
{Heap after GC invocations=137 (full 0):
 garbage-first heap   total 239616K, used 57201K [0x00000000c4e00000, 0x0000000100000000)
  region size 1024K, 1 young (1024K), 1 survivors (1024K)
 Metaspace       used 80896K, committed 82624K, reserved 1179648K
  class space    used 11732K, committed 12544K, reserved 1048576K
}
Event: 1798.095 GC heap before
{Heap before GC invocations=137 (full 0):
 garbage-first heap   total 239616K, used 199537K [0x00000000c4e00000, 0x0000000100000000)
  region size 1024K, 140 young (143360K), 1 survivors (1024K)
 Metaspace       used 80896K, committed 82624K, reserved 1179648K
  class space    used 11732K, committed 12544K, reserved 1048576K
}
Event: 1798.108 GC heap after
{Heap after GC invocations=138 (full 0):
 garbage-first heap   total 239616K, used 57297K [0x00000000c4e00000, 0x0000000100000000)
  region size 1024K, 1 young (1024K), 1 survivors (1024K)
 Metaspace       used 80896K, committed 82624K, reserved 1179648K
  class space    used 11732K, committed 12544K, reserved 1048576K
}
Event: 1799.382 GC heap before
{Heap before GC invocations=139 (full 0):
 garbage-first heap   total 239616K, used 199633K [0x00000000c4e00000, 0x0000000100000000)
  region size 1024K, 140 young (143360K), 1 survivors (1024K)
 Metaspace       used 80883K, committed 82624K, reserved 1179648K
  class space    used 11728K, committed 12544K, reserved 1048576K
}
Event: 1799.389 GC heap after
{Heap after GC invocations=140 (full 0):
 garbage-first heap   total 239616K, used 57268K [0x00000000c4e00000, 0x0000000100000000)
  region size 1024K, 1 young (1024K), 1 survivors (1024K)
 Metaspace       used 80883K, committed 82624K, reserved 1179648K
  class space    used 11728K, committed 12544K, reserved 1048576K
}
Event: 1802.031 GC heap before
{Heap before GC invocations=140 (full 0):
 garbage-first heap   total 239616K, used 199604K [0x00000000c4e00000, 0x0000000100000000)
  region size 1024K, 140 young (143360K), 1 survivors (1024K)
 Metaspace       used 80883K, committed 82624K, reserved 1179648K
  class space    used 11728K, committed 12544K, reserved 1048576K
}

